Flutter crash report.
Please report a bug at https://github.com/flutter/flutter/issues.

## command

flutter run --machine --target lib\main.dart -d 3149574a --dart-define=flutter.inspector.structuredErrors=true --start-paused --web-server-debug-protocol ws --web-allow-expose-url --devtools-server-address http://127.0.0.1:9100/

## exception

SentinelException: [Sentinel kind: Collected, valueAsString: <collected>] from getIsolate()

```
```

## flutter doctor

```
[✓] Flutter (Channel master, 2.1.0-13.0.pre.86, on Microsoft Windows [Versione 10.0.19041.985], locale it-IT)
    • Flutter version 2.1.0-13.0.pre.86 at G:\Flutter\flutter
    • Framework revision 40e3489254 (2 months ago), 2021-03-13 17:43:03 -0500
    • Engine revision 9ec46417bd
    • Dart version 2.13.0 (build 2.13.0-134.0.dev)

[✓] Android toolchain - develop for Android devices (Android SDK version 30.0.2)
    • Android SDK at C:\Users\Ricky\AppData\Local\Android\Sdk
    • Platform android-30, build-tools 30.0.2
    • ANDROID_HOME = C:\Users\Ricky\AppData\Local\Android\Sdk
    • Java binary at: G:\Android Studio\jre\bin\java
    • Java version OpenJDK Runtime Environment (build 1.8.0_242-release-1644-b01)
    • All Android licenses accepted.

[✓] Chrome - develop for the web
    • Chrome at C:\Program Files\Google\Chrome\Application\chrome.exe

[✓] Android Studio (version 4.1.0)
    • Android Studio at G:\Android Studio
    • Flutter plugin can be installed from:
      🔨 https://plugins.jetbrains.com/plugin/9212-flutter
    • Dart plugin can be installed from:
      🔨 https://plugins.jetbrains.com/plugin/6351-dart
    • Java version OpenJDK Runtime Environment (build 1.8.0_242-release-1644-b01)

[✓] VS Code (version 1.56.2)
    • VS Code at C:\Users\Ricky\AppData\Local\Programs\Microsoft VS Code
    • Flutter extension version 3.22.0

[✓] Connected device (3 available)
    • KB2003 (mobile) • 3149574a • android-arm64  • Android 11 (API 30)
    • Chrome (web)    • chrome   • web-javascript • Google Chrome 90.0.4430.212
    • Edge (web)      • edge     • web-javascript • Microsoft Edge 90.0.818.66

• No issues found!
```
